Arguments: 
  C:\Program Files\nodejs\node.exe C:\Users\Chamath\AppData\Roaming\npm\node_modules\yarn\bin\yarn.js install

PATH: 
  C:\Users\Chamath\AppData\Roaming\SPB_Data\bin;C:\Program Files\Git\mingw64\bin;C:\Program Files\Git\usr\local\bin;C:\Program Files\Git\usr\bin;C:\Program Files\Git\usr\bin;C:\Program Files\Git\mingw64\bin;C:\Program Files\Git\usr\bin;C:\Users\Chamath\AppData\Roaming\SPB_Data\bin;C:\Python38\Scripts;C:\Python38;C:\Program Files\Python36\Scripts;C:\Program Files\Python36;C:\Program Files (x86)\Common Files\Oracle\Java\javapath;C:\ProgramData\Oracle\Java\javapath;C:\WINDOWS\system32;C:\WINDOWS;C:\WINDOWS\System32\Wbem;C:\WINDOWS\System32\WindowsPowerShell\v1.0;C:\WINDOWS\System32\OpenSSH;C:\Program Files\dotnet;C:\Program Files\Git\cmd;C:\Program Files\Microsoft SQL Server\130\Tools\Binn;C:\TDM-GCC-64\bin;C:\Program Files\Java\jdk1.8.0_51\bin;C:\ProgramData\ComposerSetup\bin;C:\Program Files (x86)\sbt\bin;C:\Program Files (x86)\scala\bin;C:\wamp64\bin\php\php7.3.1;C:\wamp64\bin\php\php5.6.40;C:\Program Files\Microsoft SQL Server\Client SDK\ODBC\170\Tools\Binn;C:\Program Files\Intel\WiFi\bin;C:\Program Files\Common Files\Intel\WirelessCommon;C:\Program Files (x86)\Microsoft SQL Server\150\Tools\Binn;C:\Program Files\Microsoft SQL Server\150\Tools\Binn;C:\Program Files\Microsoft SQL Server\150\DTS\Binn;C:\Program Files (x86)\Microsoft SQL Server\150\DTS\Binn;C:\Program Files\nodejs;C:\ProgramData\chocolatey\bin;C:\Program Files (x86)\GtkSharp\2.12\bin;C:\Users\Chamath\AppData\Local\Microsoft\WindowsApps;C:\Program Files\Intel\WiFi\bin;C:\Program Files\Common Files\Intel\WirelessCommon;C:\Users\Chamath\AppData\Local\GitHubDesktop\bin;C:\Users\Chamath\AppData\Roaming\Composer\vendor\bin;C:\wamp64\bin\php\php7.3.1;C:\Users\Chamath\.dotnet\tools;C:\Users\Chamath\AppData\Local\Microsoft\WindowsApps;C:\Users\Chamath\AppData\Local\Programs\Microsoft VS Code\bin;F:\pamal\Flutter\flutter\bin;C:\Users\Chamath\AppData\Roaming\npm;C:\Users\Chamath\AppData\Roaming\npm\node_modules\@angular\cli\bin;C:\flutter\bin;C:\Program Files\Git\usr\bin\vendor_perl;C:\Program Files\Git\usr\bin\core_perl

Yarn version: 
  1.22.4

Node version: 
  12.16.2

Platform: 
  win32 x64

Trace: 
  Error: https://github.com/expo/react-native/archive/sdk-38.0.2.tar.gz: Request failed "500 Internal Server Error"
      at ResponseError.ExtendableBuiltin (C:\Users\Chamath\AppData\Roaming\npm\node_modules\yarn\lib\cli.js:696:66)
      at new ResponseError (C:\Users\Chamath\AppData\Roaming\npm\node_modules\yarn\lib\cli.js:802:124)
      at Request.<anonymous> (C:\Users\Chamath\AppData\Roaming\npm\node_modules\yarn\lib\cli.js:67057:16)
      at Request.emit (events.js:310:20)
      at Request.module.exports.Request.onRequestResponse (C:\Users\Chamath\AppData\Roaming\npm\node_modules\yarn\lib\cli.js:141625:10)
      at ClientRequest.emit (events.js:310:20)
      at HTTPParser.parserOnIncomingClient [as onIncoming] (_http_client.js:603:27)
      at HTTPParser.parserOnHeadersComplete (_http_common.js:119:17)
      at TLSSocket.socketOnData (_http_client.js:476:22)
      at TLSSocket.emit (events.js:310:20)

npm manifest: 
  {
    "main": "node_modules/expo/AppEntry.js",
    "scripts": {
      "start": "expo start",
      "android": "expo start --android",
      "ios": "expo start --ios",
      "web": "expo start --web",
      "eject": "expo eject"
    },
    "dependencies": {
      "expo": "~38.0.8",
      "expo-status-bar": "^1.0.2",
      "react": "~16.11.0",
      "react-dom": "~16.11.0",
      "react-native": "https://github.com/expo/react-native/archive/sdk-38.0.2.tar.gz",
      "react-native-web": "~0.11.7"
    },
    "devDependencies": {
      "@babel/core": "^7.8.6",
      "babel-preset-expo": "~8.1.0"
    },
    "private": true
  }

yarn manifest: 
  No manifest

Lockfile: 
  No lockfile
